This file contains any messages produced by compilers while
running configure, to aid debugging if configure makes a mistake.

It was created by Samtools configure 1.10, which was
generated by GNU Autoconf 2.68.  Invocation command line was

  $ ./configure 

## --------- ##
## Platform. ##
## --------- ##

hostname = ip-172-31-26-27
uname -m = x86_64
uname -r = 5.4.0-1045-aws
uname -s = Linux
uname -v = #47~18.04.1-Ubuntu SMP Tue Apr 13 15:58:14 UTC 2021

/usr/bin/uname -p = unknown
/bin/uname -X     = unknown

/bin/arch              = unknown
/usr/bin/arch -k       = unknown
/usr/convex/getsysinfo = unknown
/usr/bin/hostinfo      = unknown
/bin/machine           = unknown
/usr/bin/oslevel       = unknown
/bin/universe          = unknown

PATH: /home/ubuntu/miniconda3/bin
PATH: /home/ubuntu/miniconda3/condabin
PATH: /usr/local/sbin
PATH: /usr/local/bin
PATH: /usr/sbin
PATH: /usr/bin
PATH: /sbin
PATH: /bin
PATH: /usr/games
PATH: /usr/local/games
PATH: /snap/bin


## ----------- ##
## Core tests. ##
## ----------- ##

configure:2169: checking for gcc
configure:2185: found /usr/bin/gcc
configure:2196: result: gcc
configure:2425: checking for C compiler version
configure:2434: gcc --version >&5
gcc (Ubuntu 7.5.0-3ubuntu1~18.04) 7.5.0
Copyright (C) 2017 Free Software Foundation, Inc.
This is free software; see the source for copying conditions.  There is NO
warranty; not even for MERCHANTABILITY or FITNESS FOR A PARTICULAR PURPOSE.

configure:2445: $? = 0
configure:2434: gcc -v >&5
Using built-in specs.
COLLECT_GCC=gcc
COLLECT_LTO_WRAPPER=/usr/lib/gcc/x86_64-linux-gnu/7/lto-wrapper
OFFLOAD_TARGET_NAMES=nvptx-none
OFFLOAD_TARGET_DEFAULT=1
Target: x86_64-linux-gnu
Configured with: ../src/configure -v --with-pkgversion='Ubuntu 7.5.0-3ubuntu1~18.04' --with-bugurl=file:///usr/share/doc/gcc-7/README.Bugs --enable-languages=c,ada,c++,go,brig,d,fortran,objc,obj-c++ --prefix=/usr --with-gcc-major-version-only --program-suffix=-7 --program-prefix=x86_64-linux-gnu- --enable-shared --enable-linker-build-id --libexecdir=/usr/lib --without-included-gettext --enable-threads=posix --libdir=/usr/lib --enable-nls --enable-bootstrap --enable-clocale=gnu --enable-libstdcxx-debug --enable-libstdcxx-time=yes --with-default-libstdcxx-abi=new --enable-gnu-unique-object --disable-vtable-verify --enable-libmpx --enable-plugin --enable-default-pie --with-system-zlib --with-target-system-zlib --enable-objc-gc=auto --enable-multiarch --disable-werror --with-arch-32=i686 --with-abi=m64 --with-multilib-list=m32,m64,mx32 --enable-multilib --with-tune=generic --enable-offload-targets=nvptx-none --without-cuda-driver --enable-checking=release --build=x86_64-linux-gnu --host=x86_64-linux-gnu --target=x86_64-linux-gnu
Thread model: posix
gcc version 7.5.0 (Ubuntu 7.5.0-3ubuntu1~18.04) 
configure:2445: $? = 0
configure:2434: gcc -V >&5
gcc: error: unrecognized command line option '-V'
gcc: fatal error: no input files
compilation terminated.
configure:2445: $? = 1
configure:2434: gcc -qversion >&5
gcc: error: unrecognized command line option '-qversion'; did you mean '--version'?
gcc: fatal error: no input files
compilation terminated.
configure:2445: $? = 1
configure:2465: checking whether the C compiler works
configure:2487: gcc    conftest.c  >&5
configure:2491: $? = 0
configure:2539: result: yes
configure:2542: checking for C compiler default output file name
configure:2544: result: a.out
configure:2550: checking for suffix of executables
configure:2557: gcc -o conftest    conftest.c  >&5
configure:2561: $? = 0
configure:2583: result: 
configure:2605: checking whether we are cross compiling
configure:2613: gcc -o conftest    conftest.c  >&5
configure:2617: $? = 0
configure:2624: ./conftest
configure:2628: $? = 0
configure:2643: result: no
configure:2648: checking for suffix of object files
configure:2670: gcc -c   conftest.c >&5
configure:2674: $? = 0
configure:2695: result: o
configure:2699: checking whether we are using the GNU C compiler
configure:2718: gcc -c   conftest.c >&5
configure:2718: $? = 0
configure:2727: result: yes
configure:2736: checking whether gcc accepts -g
configure:2756: gcc -c -g  conftest.c >&5
configure:2756: $? = 0
configure:2797: result: yes
configure:2814: checking for gcc option to accept ISO C89
configure:2878: gcc  -c -g -O2  conftest.c >&5
configure:2878: $? = 0
configure:2891: result: none needed
configure:2912: checking for grep that handles long lines and -e
configure:2970: result: /bin/grep
configure:2995: checking for C compiler warning flags
configure:3107: result: -Wall
configure:3201: checking for special C compiler options needed for large files
configure:3246: result: no
configure:3252: checking for _FILE_OFFSET_BITS value needed for large files
configure:3277: gcc -c  -Wall -g -O2  conftest.c >&5
configure:3277: $? = 0
configure:3309: result: no
configure:3442: checking location of HTSlib source tree
configure:3463: result: htslib-1.10
configure:3689: checking for NcursesW wide-character library
configure:3713: gcc -o conftest  -Wall -g -O2   conftest.c  -lncursesw >&5
/usr/bin/ld: cannot find -lncursesw
collect2: error: ld returned 1 exit status
configure:3713: $? = 1
configure: failed program was:
| /* confdefs.h */
| #define PACKAGE_NAME "Samtools"
| #define PACKAGE_TARNAME "samtools"
| #define PACKAGE_VERSION "1.10"
| #define PACKAGE_STRING "Samtools 1.10"
| #define PACKAGE_BUGREPORT "samtools-help@lists.sourceforge.net"
| #define PACKAGE_URL "http://www.htslib.org/"
| /* end confdefs.h.  */
| 
| /* Override any GCC internal prototype to avoid an error.
|    Use char because int might match the return type of a GCC
|    builtin and then its argument prototype would still apply.  */
| #ifdef __cplusplus
| extern "C"
| #endif
| char initscr ();
| int
| main ()
| {
| return initscr ();
|   ;
|   return 0;
| }
configure:3722: result: no
configure:3951: checking for Ncurses library
configure:3975: gcc -o conftest  -Wall -g -O2   conftest.c  -lncurses >&5
configure:3975: $? = 0
configure:3984: result: yes
configure:4004: checking for working ncurses/curses.h
configure:4031: gcc -o conftest  -Wall -g -O2   conftest.c  -lncurses >&5
conftest.c:12:34: fatal error: ncurses/curses.h: No such file or directory
                         #include <ncurses/curses.h>
                                  ^~~~~~~~~~~~~~~~~~
compilation terminated.
configure:4031: $? = 1
configure: failed program was:
| /* confdefs.h */
| #define PACKAGE_NAME "Samtools"
| #define PACKAGE_TARNAME "samtools"
| #define PACKAGE_VERSION "1.10"
| #define PACKAGE_STRING "Samtools 1.10"
| #define PACKAGE_BUGREPORT "samtools-help@lists.sourceforge.net"
| #define PACKAGE_URL "http://www.htslib.org/"
| #define HAVE_NCURSES 1
| #define HAVE_CURSES 1
| /* end confdefs.h.  */
| 
|                         #include <ncurses/curses.h>
| 
| int
| main ()
| {
| 
|                         chtype a = A_BOLD;
|                         int b = KEY_LEFT;
|                         chtype c = COLOR_PAIR(1) & A_COLOR;
|                         int g = getattrs(stdscr);
|                         int h = getcurx(stdscr) + getmaxx(stdscr);
|                         initscr();
|                         init_pair(1, COLOR_WHITE, COLOR_RED);
| 
|   ;
|   return 0;
| }
configure:4040: result: no
configure:4058: checking for working ncurses.h
configure:4085: gcc -o conftest  -Wall -g -O2   conftest.c  -lncurses >&5
conftest.c: In function 'main':
conftest.c:22:29: warning: unused variable 'h' [-Wunused-variable]
                         int h = getcurx(stdscr) + getmaxx(stdscr);
                             ^
conftest.c:21:29: warning: unused variable 'g' [-Wunused-variable]
                         int g = getattrs(stdscr);
                             ^
conftest.c:20:32: warning: unused variable 'c' [-Wunused-variable]
                         chtype c = COLOR_PAIR(1) & A_COLOR;
                                ^
conftest.c:19:29: warning: unused variable 'b' [-Wunused-variable]
                         int b = KEY_LEFT;
                             ^
conftest.c:18:32: warning: unused variable 'a' [-Wunused-variable]
                         chtype a = A_BOLD;
                                ^
configure:4085: $? = 0
configure:4094: result: yes
configure:4431: checking for zlib.h
configure:4431: gcc -c  -Wall -g -O2  conftest.c >&5
configure:4431: $? = 0
configure:4431: result: yes
configure:4440: checking for inflate in -lz
configure:4465: gcc -o conftest  -Wall -g -O2   conftest.c -lz   >&5
configure:4465: $? = 0
configure:4474: result: yes
configure:4500: checking for library containing regcomp
configure:4531: gcc -o conftest  -Wall -g -O2   conftest.c  >&5
configure:4531: $? = 0
configure:4548: result: none required
configure:4690: creating ./config.status

## ---------------------- ##
## Running config.status. ##
## ---------------------- ##

This file was extended by Samtools config.status 1.10, which was
generated by GNU Autoconf 2.68.  Invocation command line was

  CONFIG_FILES    = 
  CONFIG_HEADERS  = 
  CONFIG_LINKS    = 
  CONFIG_COMMANDS = 
  $ ./config.status 

on ip-172-31-26-27

config.status:811: creating config.mk
config.status:811: creating config.h
config.status:981: config.h is unchanged
configure:5927: === configuring in htslib-1.10 (/home/ubuntu/download/samtools-1.10/htslib-1.10)
configure:5990: running /bin/bash ./configure --disable-option-checking '--prefix=/usr/local'  --cache-file=/dev/null --srcdir=.

## ---------------- ##
## Cache variables. ##
## ---------------- ##

ac_cv_c_compiler_gnu=yes
ac_cv_env_CC_set=
ac_cv_env_CC_value=
ac_cv_env_CFLAGS_set=
ac_cv_env_CFLAGS_value=
ac_cv_env_CPPFLAGS_set=
ac_cv_env_CPPFLAGS_value=
ac_cv_env_CURSES_LIB_set=
ac_cv_env_CURSES_LIB_value=
ac_cv_env_LDFLAGS_set=
ac_cv_env_LDFLAGS_value=
ac_cv_env_LIBS_set=
ac_cv_env_LIBS_value=
ac_cv_env_build_alias_set=
ac_cv_env_build_alias_value=
ac_cv_env_host_alias_set=
ac_cv_env_host_alias_value=
ac_cv_env_target_alias_set=
ac_cv_env_target_alias_value=
ac_cv_header_zlib_h=yes
ac_cv_lib_z_inflate=yes
ac_cv_objext=o
ac_cv_path_GREP=/bin/grep
ac_cv_prog_ac_ct_CC=gcc
ac_cv_prog_cc_c89=
ac_cv_prog_cc_g=yes
ac_cv_search_regcomp='none required'
ac_cv_sys_file_offset_bits=no
ac_cv_sys_largefile_CC=no
ax_cv_curses=yes
ax_cv_curses_color=yes
ax_cv_curses_enhanced=no
ax_cv_curses_obsolete=yes
ax_cv_curses_which=ncurses
ax_cv_header_ncurses_curses_h=no
ax_cv_header_ncurses_h=yes
ax_cv_htslib=yes
ax_cv_htslib_which=source
ax_cv_ncurses=yes
ax_cv_ncursesw=no
hts_cv_prog_cc_warnings=-Wall

## ----------------- ##
## Output variables. ##
## ----------------- ##

CC='gcc'
CFLAGS=' -Wall -g -O2'
CPPFLAGS=''
CURSES_LIB='-lncurses'
DEFS='-DHAVE_CONFIG_H'
ECHO_C=''
ECHO_N='-n'
ECHO_T=''
EXEEXT=''
GREP='/bin/grep'
HTSDIR='htslib-1.10'
HTSLIB_CPPFLAGS='-Ihtslib-1.10'
HTSLIB_LDFLAGS='-Lhtslib-1.10'
Hinstall='#'
Hsource=''
LDFLAGS=''
LIBOBJS=''
LIBS=''
LTLIBOBJS=''
OBJEXT='o'
PACKAGE_BUGREPORT='samtools-help@lists.sourceforge.net'
PACKAGE_NAME='Samtools'
PACKAGE_STRING='Samtools 1.10'
PACKAGE_TARNAME='samtools'
PACKAGE_URL='http://www.htslib.org/'
PACKAGE_VERSION='1.10'
PATH_SEPARATOR=':'
SHELL='/bin/bash'
ac_ct_CC='gcc'
bindir='${exec_prefix}/bin'
build_alias=''
datadir='${datarootdir}'
datarootdir='${prefix}/share'
docdir='${datarootdir}/doc/${PACKAGE_TARNAME}'
dvidir='${docdir}'
exec_prefix='${prefix}'
host_alias='unknown-Linux'
htmldir='${docdir}'
includedir='${prefix}/include'
infodir='${datarootdir}/info'
libdir='${exec_prefix}/lib'
libexecdir='${exec_prefix}/libexec'
localedir='${datarootdir}/locale'
localstatedir='${prefix}/var'
mandir='${datarootdir}/man'
oldincludedir='/usr/include'
pdfdir='${docdir}'
prefix='/usr/local'
program_transform_name='s,x,x,'
psdir='${docdir}'
sbindir='${exec_prefix}/sbin'
sharedstatedir='${prefix}/com'
subdirs=' htslib-1.10'
sysconfdir='${prefix}/etc'
target_alias=''

## ----------- ##
## confdefs.h. ##
## ----------- ##

/* confdefs.h */
#define PACKAGE_NAME "Samtools"
#define PACKAGE_TARNAME "samtools"
#define PACKAGE_VERSION "1.10"
#define PACKAGE_STRING "Samtools 1.10"
#define PACKAGE_BUGREPORT "samtools-help@lists.sourceforge.net"
#define PACKAGE_URL "http://www.htslib.org/"
#define HAVE_NCURSES 1
#define HAVE_CURSES 1
#define HAVE_CURSES_COLOR 1
#define HAVE_CURSES_OBSOLETE 1
#define HAVE_NCURSES_H 1
#define HAVE_LIBZ 1

configure: exit 0
